2025-01-27 10:14:27 [main] INFO  auction.repositories.ItemRepository - Item successfully added: Livro Harry Potter - Edição Limitada
2025-01-27 10:14:27 [main] INFO  auction.repositories.ItemRepository - Items successfully saved after adding: 950f6990-1982-4d51-9389-73b673f9cd6e
2025-01-27 10:14:27 [main] INFO  auction.stubs.UserServiceStub - Server started on port 8080
2025-01-27 10:15:02 [main] INFO  auction.stubs.UserServiceStub - Connection established with client: /127.0.0.1:61747
2025-01-27 10:15:02 [main] INFO  auction.stubs.UserServiceStub - Received request: {"action":"signUp","name":"JohnDoe","password":"$2a$10$w19BqkEfwfvzq7CrwMPTeedAGXQ9u5n4fj5OwafvqOpGu.PZzEPn2"}
2025-01-27 10:15:02 [main] INFO  auction.repositories.UserRepository - User successfully added: JohnDoe
2025-01-27 10:15:02 [main] INFO  auction.repositories.UserRepository - Users successfully saved after adding: 53bcc6fc-9e8d-4175-b95b-fa76abb772a8
2025-01-27 10:15:02 [main] INFO  auction.stubs.UserServiceStub - User registered successfully: 53bcc6fc-9e8d-4175-b95b-fa76abb772a8
2025-01-27 10:15:02 [main] INFO  auction.stubs.UserServiceStub - Sending response: {"status":"success","message":"53bcc6fc-9e8d-4175-b95b-fa76abb772a8"}
2025-01-28 15:55:16 [main] INFO  auction.utils.MulticastUtil - Trying to connect to multicast group at 230.0.0.1:5000
2025-01-28 15:55:16 [main] INFO  auction.utils.MulticastUtil - Network interface found: Intel(R) Dual Band Wireless-AC 3168
2025-01-28 15:55:16 [main] INFO  auction.utils.MulticastUtil - Connection to multicast group 230.0.0.1:5000 succeeded.
2025-01-28 15:55:16 [main] INFO  auction.utils.MulticastUtil - Sending message: Mensagem do servidor #1
2025-01-28 15:55:18 [main] INFO  auction.utils.MulticastUtil - Sending message: Mensagem do servidor #2
2025-01-28 15:55:20 [main] INFO  auction.utils.MulticastUtil - Sending message: Mensagem do servidor #3
2025-01-28 15:55:22 [main] INFO  auction.utils.MulticastUtil - Sending message: Mensagem do servidor #4
2025-01-28 15:55:24 [main] INFO  auction.utils.MulticastUtil - Sending message: Mensagem do servidor #5
2025-01-28 15:55:26 [main] INFO  auction.utils.MulticastUtil - Leaving multicast group 230.0.0.1:5000.
2025-01-28 15:55:26 [main] INFO  auction.utils.MulticastUtil - Successfully disconnected from multicast group.
2025-01-28 15:59:44 [main] INFO  auction.utils.MulticastUtil - Trying to connect to multicast group at 230.0.0.1:5000
2025-01-28 15:59:44 [main] INFO  auction.utils.MulticastUtil - Network interface found: Intel(R) Dual Band Wireless-AC 3168
2025-01-28 15:59:44 [main] INFO  auction.utils.MulticastUtil - Connection to multicast group 230.0.0.1:5000 succeeded.
2025-01-28 15:59:44 [main] INFO  auction.utils.MulticastUtil - Waiting for multicast message...
2025-01-28 15:59:56 [main] INFO  auction.utils.MulticastUtil - Message received: CLIENT_CONNECTED
2025-01-28 15:59:56 [main] INFO  auction.utils.MulticastUtil - Sending message: Mensagem do servidor #1
2025-01-28 15:59:58 [main] INFO  auction.utils.MulticastUtil - Sending message: Mensagem do servidor #2
2025-01-28 16:00:00 [main] INFO  auction.utils.MulticastUtil - Sending message: Mensagem do servidor #3
2025-01-28 16:00:02 [main] INFO  auction.utils.MulticastUtil - Sending message: Mensagem do servidor #4
2025-01-28 16:00:04 [main] INFO  auction.utils.MulticastUtil - Sending message: Mensagem do servidor #5
2025-01-28 16:00:06 [main] INFO  auction.utils.MulticastUtil - Leaving multicast group 230.0.0.1:5000.
2025-01-28 16:00:06 [main] INFO  auction.utils.MulticastUtil - Successfully disconnected from multicast group.
2025-01-29 13:15:01 [Thread-0] INFO  auction.stubs.UserServiceStub - Server started on port 8080
2025-01-29 13:15:33 [Thread-0] INFO  auction.stubs.UserServiceStub - Connection established with client: /127.0.0.1:50700
2025-01-29 13:15:33 [Thread-0] INFO  auction.stubs.UserServiceStub - Received request: "{\"action\":\"SIGN-IN\",\"name\":\"JohnDoe\",\"password\":\"securePassword\",\"id\":{\"empty\":false,\"present\":true}}"
2025-01-29 13:15:33 [Thread-0] ERROR auction.stubs.UserServiceStub - Invalid request format: {"action":"SIGN-IN","name":"JohnDoe","password":"securePassword","id":{"empty":false,"present":true}}
com.fasterxml.jackson.databind.exc.InvalidDefinitionException: Cannot construct instance of `java.util.Optional` (no Creators, like default constructor, exist): cannot deserialize from Object value (no delegate- or property-based Creator)
 at [Source: (String)"{"action":"SIGN-IN","name":"JohnDoe","password":"securePassword","id":{"empty":false,"present":true}}"; line: 1, column: 72] (through reference chain: auction.models.dtos.Request["id"])
	at com.fasterxml.jackson.databind.exc.InvalidDefinitionException.from(InvalidDefinitionException.java:67)
	at com.fasterxml.jackson.databind.DeserializationContext.reportBadDefinition(DeserializationContext.java:1915)
	at com.fasterxml.jackson.databind.DatabindContext.reportBadDefinition(DatabindContext.java:414)
	at com.fasterxml.jackson.databind.DeserializationContext.handleMissingInstantiator(DeserializationContext.java:1360)
	at com.fasterxml.jackson.databind.deser.BeanDeserializerBase.deserializeFromObjectUsingNonDefault(BeanDeserializerBase.java:1424)
	at com.fasterxml.jackson.databind.deser.BeanDeserializer.deserializeFromObject(BeanDeserializer.java:352)
	at com.fasterxml.jackson.databind.deser.BeanDeserializer.deserialize(BeanDeserializer.java:185)
	at com.fasterxml.jackson.databind.deser.impl.MethodProperty.deserializeAndSet(MethodProperty.java:129)
	at com.fasterxml.jackson.databind.deser.BeanDeserializer.vanillaDeserialize(BeanDeserializer.java:314)
	at com.fasterxml.jackson.databind.deser.BeanDeserializer.deserialize(BeanDeserializer.java:177)
	at com.fasterxml.jackson.databind.deser.DefaultDeserializationContext.readRootValue(DefaultDeserializationContext.java:323)
	at com.fasterxml.jackson.databind.ObjectMapper._readMapAndClose(ObjectMapper.java:4825)
	at com.fasterxml.jackson.databind.ObjectMapper.readValue(ObjectMapper.java:3772)
	at com.fasterxml.jackson.databind.ObjectMapper.readValue(ObjectMapper.java:3740)
	at auction.stubs.UserServiceStub.handleRequest(UserServiceStub.java:63)
	at auction.stubs.UserServiceStub.startListening(UserServiceStub.java:42)
	at auction.main.Seeding.lambda$start$0(Seeding.java:19)
	at java.base/java.lang.Thread.run(Thread.java:842)
2025-01-29 13:15:33 [Thread-0] INFO  auction.stubs.UserServiceStub - Sending response: "{\"status\":\"error\",\"message\":\"Invalid request\"}"
2025-01-29 14:01:58 [Thread-0] INFO  auction.stubs.UserServiceStub - Server started on port 8080
2025-01-29 14:02:31 [Thread-0] INFO  auction.stubs.UserServiceStub - Connection established with client: /127.0.0.1:51146
2025-01-29 14:02:31 [Thread-0] INFO  auction.stubs.UserServiceStub - Received request: "{\"action\":\"SIGN-IN\",\"name\":\"JohnDoe\",\"password\":\"securePassword\",\"id\":\"53bcc6fc-9e8d-4175-b95b-fa76abb772a8\"}"
2025-01-29 14:02:31 [Thread-0] INFO  auction.stubs.UserServiceStub - Failed to find user: 53bcc6fc-9e8d-4175-b95b-fa76abb772a8
2025-01-29 14:02:31 [Thread-0] INFO  auction.stubs.UserServiceStub - Sending response: "{\"status\":\"FAILED\",\"message\":\"53bcc6fc-9e8d-4175-b95b-fa76abb772a8\"}"
2025-01-29 14:03:58 [Thread-0] INFO  auction.stubs.UserServiceStub - Server started on port 8080
2025-01-29 14:04:25 [Thread-0] INFO  auction.stubs.UserServiceStub - Connection established with client: /127.0.0.1:51183
2025-01-29 14:04:25 [Thread-0] INFO  auction.stubs.UserServiceStub - Received request: "{\"action\":\"SIGN-IN\",\"name\":\"JohnDoe\",\"password\":\"securePassword\",\"id\":\"53bcc6fc-9e8d-4175-b95b-fa76abb772a8\"}"
2025-01-29 14:04:25 [Thread-0] INFO  auction.stubs.UserServiceStub - Failed to find user: 53bcc6fc-9e8d-4175-b95b-fa76abb772a8
2025-01-29 14:04:25 [Thread-0] INFO  auction.stubs.UserServiceStub - Sending response: "{\"status\":\"FAILED\",\"message\":\"53bcc6fc-9e8d-4175-b95b-fa76abb772a8\"}"
2025-01-29 14:06:29 [Thread-0] INFO  auction.stubs.UserServiceStub - Server started on port 8080
2025-01-29 14:06:56 [Thread-0] INFO  auction.stubs.UserServiceStub - Connection established with client: /127.0.0.1:51223
2025-01-29 14:06:56 [Thread-0] INFO  auction.stubs.UserServiceStub - Received request: "{\"action\":\"SIGN-IN\",\"name\":\"JohnDoe\",\"password\":\"securePassword\",\"id\":\"53bcc6fc-9e8d-4175-b95b-fa76abb772a8\"}"
2025-01-29 14:06:56 [Thread-0] INFO  auction.stubs.UserServiceStub - Failed to find user: 53bcc6fc-9e8d-4175-b95b-fa76abb772a8
2025-01-29 14:06:56 [Thread-0] INFO  auction.stubs.UserServiceStub - Sending response: "{\"status\":\"FAILED\",\"message\":\"53bcc6fc-9e8d-4175-b95b-fa76abb772a8\"}"
2025-01-29 14:07:45 [Thread-0] INFO  auction.stubs.UserServiceStub - Server started on port 8080
2025-01-29 14:08:02 [Thread-0] INFO  auction.stubs.UserServiceStub - Connection established with client: /127.0.0.1:51248
2025-01-29 14:08:02 [Thread-0] INFO  auction.stubs.UserServiceStub - Received request: "{\"action\":\"SIGN-IN\",\"name\":\"JohnDoe\",\"password\":\"securePassword\",\"id\":\"53bcc6fc-9e8d-4175-b95b-fa76abb772a8\"}"
2025-01-29 14:08:02 [Thread-0] INFO  auction.stubs.UserServiceStub - Failed to find user: 53bcc6fc-9e8d-4175-b95b-fa76abb772a8
2025-01-29 14:08:02 [Thread-0] INFO  auction.stubs.UserServiceStub - Sending response: "{\"status\":\"FAILED\",\"message\":\"53bcc6fc-9e8d-4175-b95b-fa76abb772a8\"}"
2025-01-29 14:16:39 [Thread-0] INFO  auction.stubs.UserServiceStub - Server started on port 8080
2025-01-29 14:16:51 [Thread-0] INFO  auction.stubs.UserServiceStub - Connection established with client: /127.0.0.1:51300
2025-01-29 14:16:51 [Thread-0] INFO  auction.stubs.UserServiceStub - Received request: "{\"action\":\"SIGN-IN\",\"name\":\"JohnDoe\",\"password\":\"$2a$10$Rsh59xolw8Ya/JUawb5kxuCbREW.56STTYy2AVOHObEgJKHk6ONaG\",\"id\":\"53bcc6fc-9e8d-4175-b95b-fa76abb772a8\"}"
2025-01-29 14:16:51 [Thread-0] INFO  auction.stubs.UserServiceStub - Failed to find user: 53bcc6fc-9e8d-4175-b95b-fa76abb772a8
2025-01-29 14:16:51 [Thread-0] INFO  auction.stubs.UserServiceStub - Sending response: "{\"status\":\"FAILED\",\"message\":\"53bcc6fc-9e8d-4175-b95b-fa76abb772a8\"}"
2025-01-29 14:21:10 [Thread-0] INFO  auction.stubs.UserServiceStub - Server started on port 8080
2025-01-29 14:21:40 [Thread-0] INFO  auction.stubs.UserServiceStub - Connection established with client: /127.0.0.1:51377
2025-01-29 14:21:40 [Thread-0] INFO  auction.stubs.UserServiceStub - Received request: "{\"action\":\"SIGN-IN\",\"name\":\"JohnDoe\",\"password\":\"$2a$10$noiHtFqfRWw.c5Xnbpj0WeuIOsgDZ.kL../r.NFXMehzj8VKXnNq.\",\"id\":\"53bcc6fc-9e8d-4175-b95b-fa76abb772a8\"}"
2025-01-29 14:21:40 [Thread-0] INFO  auction.stubs.UserServiceStub - Failed to find user: 53bcc6fc-9e8d-4175-b95b-fa76abb772a8
2025-01-29 14:21:40 [Thread-0] INFO  auction.stubs.UserServiceStub - Sending response: "{\"status\":\"FAILED\",\"message\":\"53bcc6fc-9e8d-4175-b95b-fa76abb772a8\"}"
2025-01-29 14:22:32 [Thread-0] INFO  auction.stubs.UserServiceStub - Server started on port 8080
2025-01-29 14:26:19 [Thread-0] INFO  auction.stubs.UserServiceStub - Server started on port 8080
2025-01-29 14:26:51 [Thread-0] INFO  auction.stubs.UserServiceStub - Connection established with client: /127.0.0.1:51442
2025-01-29 14:26:51 [Thread-0] INFO  auction.stubs.UserServiceStub - Received request: "{\"action\":\"SIGN-IN\",\"name\":\"JohnDoe\",\"password\":\"securePassword\",\"id\":\"53bcc6fc-9e8d-4175-b95b-fa76abb772a8\"}"
2025-01-29 14:26:51 [Thread-0] INFO  auction.stubs.UserServiceStub - Failed to find user: 53bcc6fc-9e8d-4175-b95b-fa76abb772a8
2025-01-29 14:26:51 [Thread-0] INFO  auction.stubs.UserServiceStub - Sending response: "{\"status\":\"FAILED\",\"message\":\"53bcc6fc-9e8d-4175-b95b-fa76abb772a8\"}"
2025-01-29 14:31:15 [Thread-0] INFO  auction.stubs.UserServiceStub - Server started on port 8080
2025-01-29 14:38:09 [Thread-0] INFO  auction.stubs.UserServiceStub - Server started on port 8080
2025-01-29 14:40:59 [Thread-0] INFO  auction.stubs.UserServiceStub - Server started on port 8080
2025-01-29 14:41:28 [Thread-0] INFO  auction.stubs.UserServiceStub - Connection established with client: /127.0.0.1:51621
2025-01-29 14:41:28 [Thread-0] INFO  auction.stubs.UserServiceStub - Received request: "{\"action\":\"SIGN-UP\",\"name\":\"JohnDoe\",\"password\":\"$2a$10$kHG7yl1J5g03T/mBpjx8kOCB85tmzi9eRmT390I/AVGGNT6NyapJq\",\"id\":null}"
2025-01-29 14:41:29 [Thread-0] ERROR auction.stubs.UserServiceStub - Error processing client request
java.lang.NullPointerException: Cannot invoke "java.util.UUID.toString()" because "id" is null
	at auction.stubs.UserServiceStub.handleRequest(UserServiceStub.java:67)
	at auction.stubs.UserServiceStub.startListening(UserServiceStub.java:42)
	at auction.main.Seeding.lambda$start$0(Seeding.java:19)
	at java.base/java.lang.Thread.run(Thread.java:842)
2025-01-29 15:01:59 [Thread-0] INFO  auction.stubs.UserServiceStub - Server started on port 8080
2025-01-29 15:02:04 [Thread-0] INFO  auction.stubs.UserServiceStub - Connection established with client: /127.0.0.1:51827
2025-01-29 15:02:04 [Thread-0] INFO  auction.stubs.UserServiceStub - Received request: "{\"action\":\"SIGN-UP\",\"name\":\"JohnDoe\",\"password\":\"$2a$10$opEpSnnBbYJUttvKd6xsjO3gfbStN/E7sLL7ziOfp1/7YLrvolKw6\",\"id\":{\"empty\":true,\"present\":false}}"
2025-01-29 15:02:04 [Thread-0] ERROR auction.stubs.UserServiceStub - Invalid request format: {"action":"SIGN-UP","name":"JohnDoe","password":"$2a$10$opEpSnnBbYJUttvKd6xsjO3gfbStN/E7sLL7ziOfp1/7YLrvolKw6","id":{"empty":true,"present":false}}
com.fasterxml.jackson.databind.exc.InvalidDefinitionException: Cannot construct instance of `java.util.Optional` (no Creators, like default constructor, exist): cannot deserialize from Object value (no delegate- or property-based Creator)
 at [Source: (String)"{"action":"SIGN-UP","name":"JohnDoe","password":"$2a$10$opEpSnnBbYJUttvKd6xsjO3gfbStN/E7sLL7ziOfp1/7YLrvolKw6","id":{"empty":true,"present":false}}"; line: 1, column: 118] (through reference chain: auction.models.dtos.Request["id"])
	at com.fasterxml.jackson.databind.exc.InvalidDefinitionException.from(InvalidDefinitionException.java:67)
	at com.fasterxml.jackson.databind.DeserializationContext.reportBadDefinition(DeserializationContext.java:1915)
	at com.fasterxml.jackson.databind.DatabindContext.reportBadDefinition(DatabindContext.java:414)
	at com.fasterxml.jackson.databind.DeserializationContext.handleMissingInstantiator(DeserializationContext.java:1360)
	at com.fasterxml.jackson.databind.deser.BeanDeserializerBase.deserializeFromObjectUsingNonDefault(BeanDeserializerBase.java:1424)
	at com.fasterxml.jackson.databind.deser.BeanDeserializer.deserializeFromObject(BeanDeserializer.java:352)
	at com.fasterxml.jackson.databind.deser.BeanDeserializer.deserialize(BeanDeserializer.java:185)
	at com.fasterxml.jackson.databind.deser.impl.MethodProperty.deserializeAndSet(MethodProperty.java:129)
	at com.fasterxml.jackson.databind.deser.BeanDeserializer.vanillaDeserialize(BeanDeserializer.java:314)
	at com.fasterxml.jackson.databind.deser.BeanDeserializer.deserialize(BeanDeserializer.java:177)
	at com.fasterxml.jackson.databind.deser.DefaultDeserializationContext.readRootValue(DefaultDeserializationContext.java:323)
	at com.fasterxml.jackson.databind.ObjectMapper._readMapAndClose(ObjectMapper.java:4825)
	at com.fasterxml.jackson.databind.ObjectMapper.readValue(ObjectMapper.java:3772)
	at com.fasterxml.jackson.databind.ObjectMapper.readValue(ObjectMapper.java:3740)
	at auction.stubs.UserServiceStub.handleRequest(UserServiceStub.java:63)
	at auction.stubs.UserServiceStub.startListening(UserServiceStub.java:42)
	at auction.main.Seeding.lambda$start$0(Seeding.java:19)
	at java.base/java.lang.Thread.run(Thread.java:842)
2025-01-29 15:02:04 [Thread-0] INFO  auction.stubs.UserServiceStub - Sending response: "{\"status\":\"error\",\"message\":\"Invalid request\"}"
2025-01-29 15:13:36 [Thread-0] INFO  auction.stubs.UserServiceStub - Server started on port 8080
2025-01-29 15:13:51 [Thread-0] INFO  auction.stubs.UserServiceStub - Connection established with client: /127.0.0.1:51921
2025-01-29 15:13:51 [Thread-0] INFO  auction.stubs.UserServiceStub - Received request: "{\"action\":\"SIGN-UP\",\"name\":\"JohnDoe\",\"password\":\"$2a$10$49DZoIRjOi8yAhtBj8Byoel5RPFOuAC0WB7F0Z5T3rTSoyEBvTV1i\",\"id\":null}"
2025-01-29 15:13:51 [Thread-0] ERROR auction.stubs.UserServiceStub - Error processing client request
java.lang.NullPointerException: Cannot invoke "java.util.UUID.toString()" because "id" is null
	at auction.stubs.UserServiceStub.handleRequest(UserServiceStub.java:68)
	at auction.stubs.UserServiceStub.startListening(UserServiceStub.java:43)
	at auction.main.Seeding.lambda$start$0(Seeding.java:19)
	at java.base/java.lang.Thread.run(Thread.java:842)
2025-01-29 15:20:05 [Thread-0] INFO  auction.stubs.UserServiceStub - Server started on port 8080
2025-01-29 15:20:21 [Thread-0] INFO  auction.stubs.UserServiceStub - Connection established with client: /127.0.0.1:52000
2025-01-29 15:20:21 [Thread-0] INFO  auction.stubs.UserServiceStub - Received request: "{\"action\":\"SIGN-UP\",\"name\":\"JohnDoe\",\"password\":\"$2a$10$dNjLBWSQg.RKfJ6QSatAv.e2VmEyMtP3hlH..D6dw5l8Qjyy/pCzW\",\"id\":null}"
2025-01-29 15:20:21 [Thread-0] ERROR auction.stubs.UserServiceStub - Error processing client request
java.lang.NullPointerException: Cannot invoke "java.util.UUID.toString()" because "id" is null
	at auction.stubs.UserServiceStub.handleRequest(UserServiceStub.java:68)
	at auction.stubs.UserServiceStub.startListening(UserServiceStub.java:43)
	at auction.main.Seeding.lambda$start$0(Seeding.java:19)
	at java.base/java.lang.Thread.run(Thread.java:842)
2025-01-29 15:24:05 [Thread-0] INFO  auction.stubs.UserServiceStub - Server started on port 8080
2025-01-29 15:24:24 [Thread-0] INFO  auction.stubs.UserServiceStub - Connection established with client: /127.0.0.1:52046
2025-01-29 15:24:24 [Thread-0] INFO  auction.stubs.UserServiceStub - Received request: "{\"action\":\"SIGN-UP\",\"name\":\"JohnDoe\",\"password\":\"$2a$10$umfi1RXGjAJjk29CKByq0.ZM0uce.FX6ZxNlzO1Fy1MqV9whr3n3K\",\"id\":null}"
2025-01-29 15:24:24 [Thread-0] INFO  auction.repositories.UserRepository - User successfully added: JohnDoe
2025-01-29 15:24:24 [Thread-0] INFO  auction.repositories.UserRepository - Users successfully saved after adding: 65b4544b-0279-4824-a288-3f7febba3343
2025-01-29 15:24:24 [Thread-0] INFO  auction.stubs.UserServiceStub - User registered successfully: 65b4544b-0279-4824-a288-3f7febba3343
2025-01-29 15:24:24 [Thread-0] INFO  auction.stubs.UserServiceStub - Sending response: "{\"status\":\"SUCCESS\",\"message\":\"65b4544b-0279-4824-a288-3f7febba3343\"}"
2025-01-29 15:24:41 [Thread-0] INFO  auction.stubs.UserServiceStub - Connection established with client: /127.0.0.1:52056
2025-01-29 15:24:41 [Thread-0] INFO  auction.stubs.UserServiceStub - Received request: "{\"action\":\"SIGN-IN\",\"name\":\"JohnDoe\",\"password\":\"securePassword\",\"id\":\"65b4544b-0279-4824-a288-3f7febba3343\"}"
2025-01-29 15:24:41 [Thread-0] INFO  auction.stubs.UserServiceStub - User found successfully: Optional[65b4544b-0279-4824-a288-3f7febba3343]
2025-01-29 15:24:41 [Thread-0] INFO  auction.stubs.UserServiceStub - Sending response: "{\"status\":\"SUCCESS\",\"message\":\"Optional[65b4544b-0279-4824-a288-3f7febba3343]\"}"
